c:\garts\garts\garts\debug\vc140.pdb
c:\garts\garts\garts\debug\vc140.idb
c:\garts\garts\garts\debug\barracks.obj
c:\garts\garts\garts\debug\gameobject.obj
c:\garts\garts\garts\debug\main.obj
c:\garts\garts\garts\debug\militaryunit.obj
c:\garts\garts\garts\debug\resource.obj
c:\garts\garts\garts\debug\selector.obj
c:\garts\garts\garts\debug\sprite.obj
c:\garts\garts\garts\debug\texture.obj
c:\garts\garts\garts\debug\townhall.obj
c:\garts\garts\garts\debug\ui.obj
c:\garts\garts\garts\debug\unitmanager.obj
c:\garts\garts\garts\debug\worker.obj
c:\garts\garts\garts\debug\ai.obj
c:\garts\garts\garts\debug\spearman.obj
c:\garts\garts\garts\debug\archer.obj
c:\garts\garts\garts\debug\knight.obj
c:\garts\garts\debug\garts.pdb
c:\garts\garts\debug\garts.exe
c:\garts\garts\debug\garts.ilk
c:\garts\garts\garts\debug\garts.tlog\cl.command.1.tlog
c:\garts\garts\garts\debug\garts.tlog\cl.read.1.tlog
c:\garts\garts\garts\debug\garts.tlog\cl.write.1.tlog
c:\garts\garts\garts\debug\garts.tlog\link.command.1.tlog
c:\garts\garts\garts\debug\garts.tlog\link.read.1.tlog
c:\garts\garts\garts\debug\garts.tlog\link.write.1.tlog
