  main.cpp
m:\github\garts\helper_functions.h(30): warning C4244: 'return': conversion from 'float' to 'int', possible loss of data
m:\github\garts\main.cpp(200): warning C4244: '=': conversion from 'float' to 'int', possible loss of data
m:\github\garts\main.cpp(201): warning C4244: '=': conversion from 'float' to 'int', possible loss of data
m:\github\garts\main.cpp(202): warning C4244: '=': conversion from 'float' to 'int', possible loss of data
m:\github\garts\main.cpp(203): warning C4244: '=': conversion from 'float' to 'int', possible loss of data
m:\github\garts\main.cpp(290): warning C4244: '=': conversion from 'Sint32' to 'float', possible loss of data
m:\github\garts\main.cpp(291): warning C4244: '=': conversion from 'Sint32' to 'float', possible loss of data
m:\github\garts\main.cpp(295): warning C4244: '=': conversion from 'Sint32' to 'float', possible loss of data
m:\github\garts\main.cpp(296): warning C4244: '=': conversion from 'Sint32' to 'float', possible loss of data
m:\github\garts\main.cpp(324): warning C4244: '=': conversion from 'Sint32' to 'float', possible loss of data
m:\github\garts\main.cpp(325): warning C4244: '=': conversion from 'Sint32' to 'float', possible loss of data
  Barracks.cpp
m:\github\garts\helper_functions.h(30): warning C4244: 'return': conversion from 'float' to 'int', possible loss of data
  Generating Code...
  Compiling...
  UnitManager.cpp
m:\github\garts\helper_functions.h(30): warning C4244: 'return': conversion from 'float' to 'int', possible loss of data
  Selector.cpp
m:\github\garts\helper_functions.h(30): warning C4244: 'return': conversion from 'float' to 'int', possible loss of data
m:\github\garts\selector.cpp(60): warning C4018: '<': signed/unsigned mismatch
m:\github\garts\selector.cpp(93): warning C4018: '<': signed/unsigned mismatch
  GameObject.cpp
m:\github\garts\helper_functions.h(30): warning C4244: 'return': conversion from 'float' to 'int', possible loss of data
m:\github\garts\gameobject.cpp(137): warning C4244: 'argument': conversion from 'float' to 'int', possible loss of data
m:\github\garts\gameobject.cpp(138): warning C4244: 'argument': conversion from 'float' to 'int', possible loss of data
m:\github\garts\gameobject.cpp(185): warning C4244: 'initializing': conversion from 'float' to 'int', possible loss of data
m:\github\garts\gameobject.cpp(186): warning C4244: 'initializing': conversion from 'float' to 'int', possible loss of data
m:\github\garts\gameobject.cpp(188): warning C4244: 'initializing': conversion from 'double' to 'float', possible loss of data
m:\github\garts\gameobject.cpp(207): warning C4838: conversion from 'float' to 'int' requires a narrowing conversion
m:\github\garts\gameobject.cpp(207): warning C4244: 'initializing': conversion from 'float' to 'int', possible loss of data
  Generating Code...
m:\github\garts\unitmanager.cpp(6): warning C4172: returning address of local variable or temporary
  GARTS.vcxproj -> M:\GitHub\Debug\GARTS.exe
